<?xml version="1.0" encoding="UTF-8"?>
<!-- Generated by org.testng.reporters.JUnitReportReporter -->
<testsuite hostname="LAPTOP-61BL446C" failures="0" tests="1" name="testclasses.AllProductsTests" time="3.707" errors="0" timestamp="2025-08-23T18:02:00 IST" skipped="0">
  <testcase classname="testclasses.AllProductsTests" name="verifySearchProduct" time="3.707"/>
</testsuite> <!-- testclasses.AllProductsTests -->
