<?xml version="1.0" encoding="UTF-8"?>
<!-- Generated by org.testng.reporters.JUnitReportReporter -->
<testsuite hostname="LAPTOP-61BL446C" failures="0" tests="2" name="runner.RegisterRunner" time="25.765" errors="0" timestamp="2025-09-09T10:29:04 IST" skipped="0">
  <testcase classname="runner.RegisterRunner" name="runScenario" time="11.560"/>
  <testcase classname="runner.RegisterRunner" name="runScenario" time="14.205"/>
</testsuite> <!-- runner.RegisterRunner -->
