<?xml version="1.0" encoding="UTF-8"?>
<!-- Generated by org.testng.reporters.JUnitReportReporter -->
<testsuite hostname="LAPTOP-61BL446C" failures="0" tests="7" name="testCases.AllTestCase" time="50.657" errors="0" timestamp="2025-09-08T12:40:32 IST" skipped="0">
  <testcase classname="testCases.AllTestCase" name="registerTestCase" time="14.266"/>
  <testcase classname="testCases.AllTestCase" name="loginTestCase" time="10.729"/>
  <testcase classname="testCases.AllTestCase" name="verifysubModulesTestCase" time="3.748"/>
  <testcase classname="testCases.AllTestCase" name="verifyHoverOnComputersSubListElements" time="7.019"/>
  <testcase classname="testCases.AllTestCase" name="verifyDesktopAddToCartTestCase" time="3.419"/>
  <testcase classname="testCases.AllTestCase" name="verifyShOppingCartTestCase" time="3.873"/>
  <testcase classname="testCases.AllTestCase" name="verifyCheckoutProcessTestCase" time="7.603"/>
</testsuite> <!-- testCases.AllTestCase -->
