<?xml version="1.0" encoding="UTF-8"?>
<!-- Generated by org.testng.reporters.JUnitReportReporter -->
<testsuite hostname="LAPTOP-61BL446C" failures="0" tests="5" name="runner.TestRunner" time="41.777" errors="0" timestamp="2025-09-09T10:19:23 IST" skipped="0">
  <testcase classname="runner.TestRunner" name="runScenario" time="11.699"/>
  <testcase classname="runner.TestRunner" name="runScenario" time="5.430"/>
  <testcase classname="runner.TestRunner" name="runScenario" time="6.505"/>
  <testcase classname="runner.TestRunner" name="runScenario" time="5.874"/>
  <testcase classname="runner.TestRunner" name="runScenario" time="12.269"/>
</testsuite> <!-- runner.TestRunner -->
