<?xml version="1.0" encoding="UTF-8"?>
<!-- Generated by org.testng.reporters.JUnitReportReporter -->
<testsuite hostname="LAPTOP-61BL446C" failures="0" tests="3" name="runner.LoginRunner" time="19.130" errors="0" timestamp="2025-09-09T10:29:04 IST" skipped="0">
  <testcase classname="runner.LoginRunner" name="runScenario" time="6.999"/>
  <testcase classname="runner.LoginRunner" name="runScenario" time="5.623"/>
  <testcase classname="runner.LoginRunner" name="runScenario" time="6.508"/>
</testsuite> <!-- runner.LoginRunner -->
