<?xml version="1.0" encoding="UTF-8"?>
<!-- Generated by org.testng.reporters.JUnitReportReporter -->
<testsuite hostname="LAPTOP-61BL446C" failures="0" tests="4" name="runner.TestRunner" time="75.351" errors="0" timestamp="2025-08-21T16:27:37 IST" skipped="0">
  <testcase classname="runner.TestRunner" name="runScenario" time="33.022"/>
  <testcase classname="runner.TestRunner" name="runScenario" time="11.112"/>
  <testcase classname="runner.TestRunner" name="runScenario" time="11.941"/>
  <testcase classname="runner.TestRunner" name="runScenario" time="19.276"/>
</testsuite> <!-- runner.TestRunner -->
