<?xml version="1.0" encoding="UTF-8"?>
<!-- Generated by org.testng.reporters.JUnitReportReporter -->
<testsuite hostname="LAPTOP-61BL446C" failures="0" tests="2" name="runner.TestRunner" time="22.740" errors="0" timestamp="2025-08-20T17:50:45 IST" skipped="0">
  <testcase classname="runner.TestRunner" name="runScenario" time="6.463"/>
  <testcase classname="runner.TestRunner" name="runScenario" time="16.277"/>
</testsuite> <!-- runner.TestRunner -->
