<?xml version="1.0" encoding="UTF-8"?>
<!-- Generated by org.testng.reporters.JUnitReportReporter -->
<testsuite hostname="LAPTOP-61BL446C" failures="0" tests="2" name="testDemo1.AnnotationDemo" time="4.900" errors="0" timestamp="2025-08-13T13:02:11 IST" skipped="0">
  <testcase classname="testDemo1.AnnotationDemo" name="verifyPage" time="1.939"/>
  <testcase classname="testDemo1.AnnotationDemo" name="loginTest" time="2.961"/>
</testsuite> <!-- testDemo1.AnnotationDemo -->
