<?xml version="1.0" encoding="UTF-8"?>
<!-- Generated by org.testng.reporters.JUnitReportReporter -->
<testsuite hostname="LAPTOP-61BL446C" failures="0" tests="9" name="demoQA.DemoQA" time="6.944" errors="0" timestamp="2025-08-19T17:50:14 IST" skipped="0">
  <testcase classname="demoQA.DemoQA" name="formTestingName" time="2.801"/>
  <testcase classname="demoQA.DemoQA" name="formTestingEmail" time="0.768"/>
  <testcase classname="demoQA.DemoQA" name="formTestingGender" time="0.321"/>
  <testcase classname="demoQA.DemoQA" name="formTestingNumber" time="0.278"/>
  <testcase classname="demoQA.DemoQA" name="formTestingDOB" time="1.285"/>
  <testcase classname="demoQA.DemoQA" name="formTestingSubjects" time="0.643"/>
  <testcase classname="demoQA.DemoQA" name="formTestingCheckBox" time="0.380"/>
  <testcase classname="demoQA.DemoQA" name="formTestingUploadPicture" time="0.135"/>
  <testcase classname="demoQA.DemoQA" name="formTestingAddress" time="0.333"/>
</testsuite> <!-- demoQA.DemoQA -->
