<?xml version="1.0" encoding="UTF-8"?>
<!-- Generated by org.testng.reporters.JUnitReportReporter -->
<testsuite hostname="LAPTOP-61BL446C" failures="0" tests="5" name="testingGroups.GroupsTesting" time="0.042" errors="0" timestamp="2025-08-15T18:38:34 IST" skipped="0">
  <testcase classname="testingGroups.GroupsTesting" name="test5" time="0.010"/>
  <testcase classname="testingGroups.GroupsTesting" name="test3" time="0.005"/>
  <testcase classname="testingGroups.GroupsTesting" name="test1" time="0.019"/>
  <testcase classname="testingGroups.GroupsTesting" name="test4" time="0.002"/>
  <testcase classname="testingGroups.GroupsTesting" name="test2" time="0.006"/>
</testsuite> <!-- testingGroups.GroupsTesting -->
