<?xml version="1.0" encoding="UTF-8"?>
<!-- Generated by org.testng.reporters.JUnitReportReporter -->
<testsuite hostname="LAPTOP-61BL446C" failures="0" tests="4" name="DataProvider_Concept.DataProvider_Simple" time="34.097" errors="0" timestamp="2025-08-22T22:11:30 IST" skipped="0">
  <testcase classname="DataProvider_Concept.DataProvider_Simple" name="loginTest" time="6.452"/>
  <testcase classname="DataProvider_Concept.DataProvider_Simple" name="loginTest" time="13.439"/>
  <testcase classname="DataProvider_Concept.DataProvider_Simple" name="loginTest" time="6.959"/>
  <testcase classname="DataProvider_Concept.DataProvider_Simple" name="loginTest" time="7.247"/>
</testsuite> <!-- DataProvider_Concept.DataProvider_Simple -->
