<?xml version="1.0" encoding="UTF-8"?>
<!-- Generated by org.testng.reporters.JUnitReportReporter -->
<testsuite hostname="LAPTOP-61BL446C" failures="0" tests="17" name="parallel_Testing.Parallel_Testing" time="978.723" errors="0" timestamp="2025-08-19T15:55:51 IST" skipped="0">
  <testcase classname="parallel_Testing.Parallel_Testing" name="loginUser" time="52.023"/>
  <testcase classname="parallel_Testing.Parallel_Testing" name="loginUser" time="72.203"/>
  <testcase classname="parallel_Testing.Parallel_Testing" name="loginUser" time="31.589"/>
  <testcase classname="parallel_Testing.Parallel_Testing" name="loginUser" time="26.367"/>
  <testcase classname="parallel_Testing.Parallel_Testing" name="loginUser" time="66.723"/>
  <testcase classname="parallel_Testing.Parallel_Testing" name="loginUser" time="79.921"/>
  <testcase classname="parallel_Testing.Parallel_Testing" name="loginUser" time="97.080"/>
  <testcase classname="parallel_Testing.Parallel_Testing" name="loginUser" time="58.703"/>
  <testcase classname="parallel_Testing.Parallel_Testing" name="loginUser" time="26.492"/>
  <testcase classname="parallel_Testing.Parallel_Testing" name="loginUser" time="55.576"/>
  <testcase classname="parallel_Testing.Parallel_Testing" name="loginUser" time="64.944"/>
  <testcase classname="parallel_Testing.Parallel_Testing" name="loginUser" time="64.377"/>
  <testcase classname="parallel_Testing.Parallel_Testing" name="loginUser" time="52.047"/>
  <testcase classname="parallel_Testing.Parallel_Testing" name="loginUser" time="79.076"/>
  <testcase classname="parallel_Testing.Parallel_Testing" name="loginUser" time="56.278"/>
  <testcase classname="parallel_Testing.Parallel_Testing" name="loginUser" time="42.522"/>
  <testcase classname="parallel_Testing.Parallel_Testing" name="goToElectronics" time="52.802"/>
</testsuite> <!-- parallel_Testing.Parallel_Testing -->
