<?xml version="1.0" encoding="UTF-8"?>
<!-- Generated by org.testng.reporters.JUnitReportReporter -->
<testsuite hostname="LAPTOP-61BL446C" failures="0" tests="2" name="testDemo1.Automation1" time="7.444" errors="0" timestamp="2025-08-13T13:02:11 IST" skipped="0">
  <testcase classname="testDemo1.Automation1" name="launchGoogle" time="1.212"/>
  <testcase classname="testDemo1.Automation1" name="RegisterUser" time="6.232"/>
</testsuite> <!-- testDemo1.Automation1 -->
