<?xml version="1.0" encoding="UTF-8"?>
<!-- Generated by org.testng.reporters.JUnitReportReporter -->
<testsuite hostname="LAPTOP-61BL446C" failures="0" tests="3" name="excel_Integration.Excel_Test" time="29.090" errors="0" timestamp="2025-08-18T16:39:26 IST" skipped="0">
  <testcase classname="excel_Integration.Excel_Test" name="loginTest" time="10.510"/>
  <testcase classname="excel_Integration.Excel_Test" name="loginTest" time="9.450"/>
  <testcase classname="excel_Integration.Excel_Test" name="loginTest" time="9.130"/>
</testsuite> <!-- excel_Integration.Excel_Test -->
