<?xml version="1.0" encoding="UTF-8"?>
<!-- Generated by org.testng.reporters.JUnitReportReporter -->
<testsuite hostname="LAPTOP-61BL446C" failures="0" tests="5" name="orangeHRMTesting.OrangeHRMTesting" time="10.718" errors="0" timestamp="2025-08-16T10:37:10 IST" skipped="0">
  <testcase classname="orangeHRMTesting.OrangeHRMTesting" name="loginTest" time="3.566"/>
  <testcase classname="orangeHRMTesting.OrangeHRMTesting" name="goToAdmin" time="1.928"/>
  <testcase classname="orangeHRMTesting.OrangeHRMTesting" name="goToPIM" time="1.570"/>
  <testcase classname="orangeHRMTesting.OrangeHRMTesting" name="goToLeave" time="2.191"/>
  <testcase classname="orangeHRMTesting.OrangeHRMTesting" name="goToTime" time="1.463"/>
</testsuite> <!-- orangeHRMTesting.OrangeHRMTesting -->
